Determining if the pthread_create exist failed with the following output:
Change Dir: /home/minglun/project2_ws/build/CMakeFiles/CMakeTmp

Run Build Command:"/usr/bin/make" "cmTC_b226a/fast"
/usr/bin/make -f CMakeFiles/cmTC_b226a.dir/build.make CMakeFiles/cmTC_b226a.dir/build
make[1]: Entering directory '/home/minglun/project2_ws/build/CMakeFiles/CMakeTmp'
Building C object CMakeFiles/cmTC_b226a.dir/CheckSymbolExists.c.o
/usr/bin/cc     -o CMakeFiles/cmTC_b226a.dir/CheckSymbolExists.c.o   -c /home/minglun/project2_ws/build/CMakeFiles/CMakeTmp/CheckSymbolExists.c
Linking C executable cmTC_b226a
/usr/bin/cmake -E cmake_link_script CMakeFiles/cmTC_b226a.dir/link.txt --verbose=1
/usr/bin/cc       CMakeFiles/cmTC_b226a.dir/CheckSymbolExists.c.o  -o cmTC_b226a -rdynamic 
CMakeFiles/cmTC_b226a.dir/CheckSymbolExists.c.o：在函数‘main’中：
CheckSymbolExists.c:(.text+0x16)：对‘pthread_create’未定义的引用
collect2: error: ld returned 1 exit status
CMakeFiles/cmTC_b226a.dir/build.make:97: recipe for target 'cmTC_b226a' failed
make[1]: *** [cmTC_b226a] Error 1
make[1]: Leaving directory '/home/minglun/project2_ws/build/CMakeFiles/CMakeTmp'
Makefile:126: recipe for target 'cmTC_b226a/fast' failed
make: *** [cmTC_b226a/fast] Error 2

File /home/minglun/project2_ws/build/CMakeFiles/CMakeTmp/CheckSymbolExists.c:
/* */
#include <pthread.h>

int main(int argc, char** argv)
{
  (void)argv;
#ifndef pthread_create
  return ((int*)(&pthread_create))[argc];
#else
  (void)argc;
  return 0;
#endif
}

Determining if the function pthread_create exists in the pthreads failed with the following output:
Change Dir: /home/minglun/project2_ws/build/CMakeFiles/CMakeTmp

Run Build Command:"/usr/bin/make" "cmTC_588bb/fast"
/usr/bin/make -f CMakeFiles/cmTC_588bb.dir/build.make CMakeFiles/cmTC_588bb.dir/build
make[1]: Entering directory '/home/minglun/project2_ws/build/CMakeFiles/CMakeTmp'
Building C object CMakeFiles/cmTC_588bb.dir/CheckFunctionExists.c.o
/usr/bin/cc    -DCHECK_FUNCTION_EXISTS=pthread_create   -o CMakeFiles/cmTC_588bb.dir/CheckFunctionExists.c.o   -c /usr/share/cmake-3.5/Modules/CheckFunctionExists.c
Linking C executable cmTC_588bb
/usr/bin/cmake -E cmake_link_script CMakeFiles/cmTC_588bb.dir/link.txt --verbose=1
/usr/bin/cc   -DCHECK_FUNCTION_EXISTS=pthread_create    CMakeFiles/cmTC_588bb.dir/CheckFunctionExists.c.o  -o cmTC_588bb -rdynamic -lpthreads 
/usr/bin/ld: 找不到 -lpthreads
collect2: error: ld returned 1 exit status
CMakeFiles/cmTC_588bb.dir/build.make:97: recipe for target 'cmTC_588bb' failed
make[1]: *** [cmTC_588bb] Error 1
make[1]: Leaving directory '/home/minglun/project2_ws/build/CMakeFiles/CMakeTmp'
Makefile:126: recipe for target 'cmTC_588bb/fast' failed
make: *** [cmTC_588bb/fast] Error 2


